<?xml version="1.0" encoding="UTF-8"?>
<!-- Generated by org.testng.reporters.JUnitReportReporter -->
<testsuite skipped="0" hostname="sbcomputers-PC" name="com.automation.ecommerce.Ecommerce.TC001_login" tests="1" failures="0" timestamp="01 Jun 2018 06:45:39 GMT" time="167.589" errors="0">
  <testcase name="login" time="167.589" classname="com.automation.ecommerce.Ecommerce.TC001_login"/>
</testsuite> <!-- com.automation.ecommerce.Ecommerce.TC001_login -->
